<?xml version="1.0" encoding="UTF-8"?>
<testsuite name="com.Shoots.ShootsApplicationTests" tests="1" skipped="0" failures="0" errors="0" timestamp="2025-04-25T19:09:44" hostname="Kangseonghyeon-ui-MacBookPro.local" time="0.318">
  <properties/>
  <testcase name="contextLoads()" classname="com.Shoots.ShootsApplicationTests" time="0.318"/>
  <system-out><![CDATA[04:09:41.181 [Test worker] INFO org.springframework.test.context.support.AnnotationConfigContextLoaderUtils -- Could not detect default configuration classes for test class [com.Shoots.ShootsApplicationTests]: ShootsApplicationTests does not declare any static, non-private, non-final, nested classes annotated with @Configuration.
04:09:41.222 [Test worker] INFO org.springframework.boot.test.context.SpringBootTestContextBootstrapper -- Found @SpringBootConfiguration com.Shoots.ShootsPersonalApplication for test class com.Shoots.ShootsApplicationTests

  .   ____          _            __ _ _
 /\\ / ___'_ __ _ _(_)_ __  __ _ \ \ \ \
( ( )\___ | '_ | '_| | '_ \/ _` | \ \ \ \
 \\/  ___)| |_)| | | | | || (_| |  ) ) ) )
  '  |____| .__|_| |_|_| |_\__, | / / / /
 =========|_|==============|___/=/_/_/_/

 :: Spring Boot ::                (v3.4.1)

2025-04-26T04:09:41.344+09:00  WARN 62882 --- [Shoots] [    Test worker] ory$DuplicateJsonObjectContextCustomizer : 

Found multiple occurrences of org.json.JSONObject on the class path:

	jar:file:/Users/104735k_/.gradle/caches/modules-2/files-2.1/org.json/json/20210307/528c8df3757e8bcf151817b1d7b9b434f6aa08d5/json-20210307.jar!/org/json/JSONObject.class
	jar:file:/Users/104735k_/.gradle/caches/modules-2/files-2.1/com.vaadin.external.google/android-json/0.0.20131108.vaadin1/fa26d351fe62a6a17f5cda1287c1c6110dec413f/android-json-0.0.20131108.vaadin1.jar!/org/json/JSONObject.class

You may wish to exclude one of them to ensure predictable runtime behavior

2025-04-26T04:09:41.348+09:00  INFO 62882 --- [Shoots] [    Test worker] com.Shoots.ShootsApplicationTests        : Starting ShootsApplicationTests using Java 17.0.11 with PID 62882 (started by 104735k_ in /Users/104735k_/Downloads/ShootsPersonal)
2025-04-26T04:09:41.349+09:00  INFO 62882 --- [Shoots] [    Test worker] com.Shoots.ShootsApplicationTests        : No active profile set, falling back to 1 default profile: "default"
2025-04-26T04:09:41.710+09:00  INFO 62882 --- [Shoots] [    Test worker] .s.d.r.c.RepositoryConfigurationDelegate : Multiple Spring Data modules found, entering strict repository configuration mode
2025-04-26T04:09:41.711+09:00  INFO 62882 --- [Shoots] [    Test worker] .s.d.r.c.RepositoryConfigurationDelegate : Bootstrapping Spring Data JDBC repositories in DEFAULT mode.
2025-04-26T04:09:41.720+09:00  INFO 62882 --- [Shoots] [    Test worker] .s.d.r.c.RepositoryConfigurationDelegate : Finished Spring Data repository scanning in 5 ms. Found 0 JDBC repository interfaces.
2025-04-26T04:09:41.723+09:00  INFO 62882 --- [Shoots] [    Test worker] .s.d.r.c.RepositoryConfigurationDelegate : Multiple Spring Data modules found, entering strict repository configuration mode
2025-04-26T04:09:41.724+09:00  INFO 62882 --- [Shoots] [    Test worker] .s.d.r.c.RepositoryConfigurationDelegate : Bootstrapping Spring Data Redis repositories in DEFAULT mode.
2025-04-26T04:09:41.730+09:00  INFO 62882 --- [Shoots] [    Test worker] .s.d.r.c.RepositoryConfigurationDelegate : Finished Spring Data repository scanning in 2 ms. Found 0 Redis repository interfaces.
2025-04-26T04:09:42.186+09:00 ERROR 62882 --- [Shoots] [    Test worker] i.n.r.d.DnsServerAddressStreamProviders  : Unable to load io.netty.resolver.dns.macos.MacOSDnsServerAddressStreamProvider, fallback to system defaults. This may result in incorrect DNS resolutions on MacOS. Check whether you have a dependency on 'io.netty:netty-resolver-dns-native-macos'. Use DEBUG level to see the full stack: java.lang.UnsatisfiedLinkError: failed to load the required native library
2025-04-26T04:09:42.375+09:00  INFO 62882 --- [Shoots] [    Test worker] eAuthenticationProviderManagerConfigurer : Found 2 AuthenticationProvider beans, with names [businessUserAuthenticationProvider, regularUserAuthenticationProvider]. Global Authentication Manager will not be configured with AuthenticationProviders. Consider publishing a single AuthenticationProvider bean, or wiring your Providers directly using the DSL.
2025-04-26T04:09:42.375+09:00  WARN 62882 --- [Shoots] [    Test worker] r$InitializeUserDetailsManagerConfigurer : Found 2 UserDetailsService beans, with names [businessUserDetailsService, regularUserDetailsService]. Global Authentication Manager will not use a UserDetailsService for username/password login. Consider publishing a single UserDetailsService bean.
2025-04-26T04:09:42.534+09:00  INFO 62882 --- [Shoots] [    Test worker] o.s.b.a.e.web.EndpointLinksResolver      : Exposing 1 endpoint beneath base path '/actuator'
2025-04-26T04:09:42.701+09:00  INFO 62882 --- [Shoots] [    Test worker] org.redisson.Version                     : Redisson 3.23.2
2025-04-26T04:09:42.751+09:00  INFO 62882 --- [Shoots] [isson-netty-4-5] o.r.c.pool.MasterPubSubConnectionPool    : 1 connections initialized for localhost/127.0.0.1:6379
2025-04-26T04:09:42.778+09:00  INFO 62882 --- [Shoots] [sson-netty-4-20] o.r.c.pool.MasterConnectionPool          : 24 connections initialized for localhost/127.0.0.1:6379
2025-04-26T04:09:42.837+09:00  INFO 62882 --- [Shoots] [    Test worker] com.zaxxer.hikari.HikariDataSource       : HikariPool-1 - Starting...
2025-04-26T04:09:42.951+09:00  INFO 62882 --- [Shoots] [    Test worker] com.zaxxer.hikari.pool.HikariPool        : HikariPool-1 - Added connection com.mysql.cj.jdbc.ConnectionImpl@1e1f467f
2025-04-26T04:09:42.951+09:00  INFO 62882 --- [Shoots] [    Test worker] com.zaxxer.hikari.HikariDataSource       : HikariPool-1 - Start completed.
2025-04-26T04:09:43.003+09:00  INFO 62882 --- [Shoots] [    Test worker] o.s.m.s.b.SimpleBrokerMessageHandler     : Starting...
2025-04-26T04:09:43.004+09:00  INFO 62882 --- [Shoots] [    Test worker] o.s.m.s.b.SimpleBrokerMessageHandler     : BrokerAvailabilityEvent[available=true, SimpleBrokerMessageHandler [org.springframework.messaging.simp.broker.DefaultSubscriptionRegistry@1d47b761]]
2025-04-26T04:09:43.005+09:00  INFO 62882 --- [Shoots] [    Test worker] o.s.m.s.b.SimpleBrokerMessageHandler     : Started.
2025-04-26T04:09:43.017+09:00  INFO 62882 --- [Shoots] [    Test worker] com.Shoots.ShootsApplicationTests        : Started ShootsApplicationTests in 1.752 seconds (process running for 2.115)
]]></system-out>
  <system-err><![CDATA[]]></system-err>
</testsuite>
